<?xml version="1.0" encoding="UTF-8" ?>
<testsuite tests="2" failures="1" name="com.spring.test.TestSupplierDAO" time="0.436" errors="0" skipped="0">
  <properties>
[...]
</properties>
  <testcase classname="com.spring.test.TestSupplierDAO" name="createSupplierTestCase" time="0.192"/>
  <testcase classname="com.spring.test.TestSupplierDAO" name="getAllSupplierTestCase" time="0.244">
    <failure message="expected:&lt;getAllSupplierTestCase&gt; but was:&lt;3&gt;" type="java.lang.AssertionError">java.lang.AssertionError: expected:&lt;getAllSupplierTestCase&gt; but was:&lt;3&gt;
	at org.junit.Assert.fail(Assert.java:88)
	at org.junit.Assert.failNotEquals(Assert.java:743)
	at org.junit.Assert.assertEquals(Assert.java:118)
	at org.junit.Assert.assertEquals(Assert.java:144)
	at com.spring.test.TestSupplierDAO.getAllSupplierTestCase(TestSupplierDAO.java:71)
	at sun.reflect.NativeMethodAccessorImpl.invoke0(Native Method)
	at sun.reflect.NativeMethodAccessorImpl.invoke(NativeMethodAccessorImpl.java:62)
	at sun.reflect.DelegatingMethodAccessorImpl.invoke(DelegatingMethodAccessorImpl.java:43)
	at java.lang.reflect.Method.invoke(Method.java:498)
	at org.junit.runners.model.FrameworkMethod$1.runReflectiveCall(FrameworkMethod.java:47)
	at org.junit.internal.runners.model.ReflectiveCallable.run(ReflectiveCallable.java:12)
	at org.junit.runners.model.FrameworkMethod.invokeExplosively(FrameworkMethod.java:44)
	at org.junit.internal.runners.statements.InvokeMethod.evaluate(InvokeMethod.java:17)
	at org.junit.runners.ParentRunner.runLeaf(ParentRunner.java:271)
	at org.junit.runners.BlockJUnit4ClassRunner.runChild(BlockJUnit4ClassRunner.java:70)
	at org.junit.runners.BlockJUnit4ClassRunner.runChild(BlockJUnit4ClassRunner.java:50)
	at org.junit.runners.ParentRunner$3.run(ParentRunner.java:238)
	at org.junit.runners.ParentRunner$1.schedule(ParentRunner.java:63)
	at org.junit.runners.ParentRunner.runChildren(ParentRunner.java:236)
	at org.junit.runners.ParentRunner.access$000(ParentRunner.java:53)
	at org.junit.runners.ParentRunner$2.evaluate(ParentRunner.java:229)
	at org.junit.internal.runners.statements.RunBefores.evaluate(RunBefores.java:26)
	at org.junit.runners.ParentRunner.run(ParentRunner.java:309)
	at org.apache.maven.surefire.junit4.JUnit4Provider.execute(JUnit4Provider.java:252)
	at org.apache.maven.surefire.junit4.JUnit4Provider.executeTestSet(JUnit4Provider.java:141)
	at org.apache.maven.surefire.junit4.JUnit4Provider.invoke(JUnit4Provider.java:112)
	at sun.reflect.NativeMethodAccessorImpl.invoke0(Native Method)
	at sun.reflect.NativeMethodAccessorImpl.invoke(NativeMethodAccessorImpl.java:62)
	at sun.reflect.DelegatingMethodAccessorImpl.invoke(DelegatingMethodAccessorImpl.java:43)
	at java.lang.reflect.Method.invoke(Method.java:498)
	at org.apache.maven.surefire.util.ReflectionUtils.invokeMethodWithArray(ReflectionUtils.java:189)
	at org.apache.maven.surefire.booter.ProviderFactory$ProviderProxy.invoke(ProviderFactory.java:165)
	at org.apache.maven.surefire.booter.ProviderFactory.invokeProvider(ProviderFactory.java:85)
	at org.apache.maven.surefire.booter.ForkedBooter.runSuitesInProcess(ForkedBooter.java:115)
	at org.apache.maven.surefire.booter.ForkedBooter.main(ForkedBooter.java:75)
</failure>
    <system-out>Hibernate: select supplier0_.Supid as Supid1_4_, supplier0_.supplier_name as supplier2_4_ from Supplier_details supplier0_
Hibernate: select products0_.Supid as Supid3_3_0_, products0_.pid as pid1_3_0_, products0_.pid as pid1_3_1_, products0_.Catid as Catid2_3_1_, products0_.Supid as Supid3_3_1_, products0_.description as descript4_3_1_, products0_.image as image5_3_1_, products0_.price as price6_3_1_, products0_.product_name as product_7_3_1_, products0_.stock as stock8_3_1_, category1_.Catid as Catid1_2_2_, category1_.categoryDescription as category2_2_2_, category1_.categoryName as category3_2_2_ from Product_details products0_ inner join Category_details category1_ on products0_.Catid=category1_.Catid where products0_.Supid=?
Hibernate: select products0_.Supid as Supid3_3_0_, products0_.pid as pid1_3_0_, products0_.pid as pid1_3_1_, products0_.Catid as Catid2_3_1_, products0_.Supid as Supid3_3_1_, products0_.description as descript4_3_1_, products0_.image as image5_3_1_, products0_.price as price6_3_1_, products0_.product_name as product_7_3_1_, products0_.stock as stock8_3_1_, category1_.Catid as Catid1_2_2_, category1_.categoryDescription as category2_2_2_, category1_.categoryName as category3_2_2_ from Product_details products0_ inner join Category_details category1_ on products0_.Catid=category1_.Catid where products0_.Supid=?
Hibernate: select products0_.Catid as Catid2_3_0_, products0_.pid as pid1_3_0_, products0_.pid as pid1_3_1_, products0_.Catid as Catid2_3_1_, products0_.Supid as Supid3_3_1_, products0_.description as descript4_3_1_, products0_.image as image5_3_1_, products0_.price as price6_3_1_, products0_.product_name as product_7_3_1_, products0_.stock as stock8_3_1_, supplier1_.Supid as Supid1_4_2_, supplier1_.supplier_name as supplier2_4_2_ from Product_details products0_ inner join Supplier_details supplier1_ on products0_.Supid=supplier1_.Supid where products0_.Catid=?
Hibernate: select products0_.Supid as Supid3_3_0_, products0_.pid as pid1_3_0_, products0_.pid as pid1_3_1_, products0_.Catid as Catid2_3_1_, products0_.Supid as Supid3_3_1_, products0_.description as descript4_3_1_, products0_.image as image5_3_1_, products0_.price as price6_3_1_, products0_.product_name as product_7_3_1_, products0_.stock as stock8_3_1_, category1_.Catid as Catid1_2_2_, category1_.categoryDescription as category2_2_2_, category1_.categoryName as category3_2_2_ from Product_details products0_ inner join Category_details category1_ on products0_.Catid=category1_.Catid where products0_.Supid=?
</system-out>
    <system-err>Aug 22, 2017 6:23:54 PM org.hibernate.hql.internal.QueryTranslatorFactoryInitiator initiateService
INFO: HHH000397: Using ASTQueryTranslatorFactory
</system-err>
  </testcase>
</testsuite>